commit a31c5813480ad0ef1a1b97034aafc48e3700617b
Author: Can Erzin <m.canerzin@gmail.com>
Date:   Thu Jun 1 21:52:42 2017 +0300

    change 17
    
    change 16
    
    ammend 1
    
    amend 4
    amend 5
    
    rb1
    
    rb2

a1
a2
a3
rb1
rb2
src5.txt
src6.txt
src7.txt

commit 5ba1cef8081a293029ba884f70482fed35ebcb43
Author: Can Erzin <m.canerzin@gmail.com>
Date:   Thu Jun 1 21:50:29 2017 +0300

    change 15

src4.txt

commit 547cdada609c7002a04001077beab396ba88ca93
Author: Can Erzin <m.canerzin@gmail.com>
Date:   Thu Jun 1 21:36:12 2017 +0300

    change 13

src3.txt

commit 5a8d37841cafe193484d7036c0abae5996e798c2
Author: Can Erzin <m.canerzin@gmail.com>
Date:   Thu Jun 1 21:25:41 2017 +0300

    change 7

src3.txt

commit 4e4e3d5774d16d4e5544eb414daa80ab15e8b60b
Author: Can Erzin <m.canerzin@gmail.com>
Date:   Thu Jun 1 20:59:48 2017 +0300

    change 4

src3.txt

commit 15fe9b09e7ba0036c56e1e893ea74fcf208ff885
Author: Can Erzin <m.canerzin@gmail.com>
Date:   Thu Jun 1 20:52:21 2017 +0300

    third change

src1.txt

commit e10a005795db61ee60765159364b6abb9009e824
Author: Can Erzin <m.canerzin@gmail.com>
Date:   Thu Jun 1 20:50:02 2017 +0300

    change 2

src2.txt

commit 9aded12629a007ad3dc93bef8f0ff84c7a703aa7
Author: Can Erzin <m.canerzin@gmail.com>
Date:   Thu Jun 1 20:44:45 2017 +0300

    change 1 commited

src1.txt
